<?xml version="1.0" encoding="UTF-8"?>
<!-- Generated by org.testng.reporters.JUnitXMLReporter -->
<testsuite ignored="1" hostname="Kameswarans-MacBook-Pro.local" failures="0" tests="2" name="Test" time="9.038" errors="0" timestamp="2026-05-15T17:53:15 IST">
  <testcase classname="com.testcases_testng.Orders" name="Order" time="5.127"/>
  <testcase classname="com.testcases_testng.Products" name="Product" time="3.885"/>
  <testcase classname="com.testcases_testng.BaseClass" name="@BeforeSuite requestSpecification" time="0.0">
    <ignored/>
  </testcase> <!-- @BeforeSuite requestSpecification -->
</testsuite> <!-- Test -->
