<?xml version="1.0" encoding="UTF-8"?>
<testng-results ignored="0" total="2" passed="2" failed="0" skipped="0">
  <reporter-output>
  </reporter-output>
  <suite started-at="2026-05-15T17:53:06 IST" name="Suite" finished-at="2026-05-15T17:53:15 IST" duration-ms="9038">
    <groups>
    </groups>
    <test started-at="2026-05-15T17:53:06 IST" name="Test" finished-at="2026-05-15T17:53:15 IST" duration-ms="9038">
      <class name="com.testcases_testng.Orders">
        <test-method is-config="true" signature="requestSpecification()[pri:0, instance:com.testcases_testng.Orders@59309333]" started-at="2026-05-15T17:53:04 IST" name="requestSpecification" finished-at="2026-05-15T17:53:06 IST" duration-ms="1831" status="PASS">
          <reporter-output>
          </reporter-output>
        </test-method> <!-- requestSpecification -->
        <test-method signature="Order()[pri:0, instance:com.testcases_testng.Orders@59309333]" started-at="2026-05-15T17:53:06 IST" name="Order" finished-at="2026-05-15T17:53:11 IST" duration-ms="5127" status="PASS">
          <reporter-output>
          </reporter-output>
        </test-method> <!-- Order -->
      </class> <!-- com.testcases_testng.Orders -->
      <class name="com.testcases_testng.Products">
        <test-method signature="Product()[pri:0, instance:com.testcases_testng.Products@2a798d51]" started-at="2026-05-15T17:53:11 IST" name="Product" finished-at="2026-05-15T17:53:15 IST" duration-ms="3885" status="PASS">
          <reporter-output>
          </reporter-output>
        </test-method> <!-- Product -->
      </class> <!-- com.testcases_testng.Products -->
    </test> <!-- Test -->
  </suite> <!-- Suite -->
</testng-results>
