<?xml version="1.0" encoding="UTF-8"?>
<testng-results ignored="0" total="1" passed="1" failed="0" skipped="0">
  <reporter-output>
  </reporter-output>
  <suite started-at="2026-06-13T08:54:53 IST" name="Default suite" finished-at="2026-06-13T08:54:58 IST" duration-ms="4637">
    <groups>
    </groups>
    <test started-at="2026-06-13T08:54:53 IST" name="Default test" finished-at="2026-06-13T08:54:58 IST" duration-ms="4637">
      <class name="com.testcases_testng.Products">
        <test-method is-config="true" signature="requestSpecification()[pri:0, instance:com.testcases_testng.Products@6fb365ed]" started-at="2026-06-13T08:54:51 IST" name="requestSpecification" finished-at="2026-06-13T08:54:53 IST" duration-ms="2117" status="PASS">
          <reporter-output>
          </reporter-output>
        </test-method> <!-- requestSpecification -->
        <test-method signature="Product(java.lang.String,java.lang.String,java.lang.String,java.lang.String,java.lang.String)[pri:0, instance:com.testcases_testng.Products@6fb365ed]" started-at="2026-06-13T08:54:54 IST" name="Product" data-provider="productTestData" finished-at="2026-06-13T08:54:58 IST" duration-ms="4173" status="PASS">
          <params>
            <param index="0">
              <value>
                <![CDATA[software product]]>
              </value>
            </param>
            <param index="1">
              <value>
                <![CDATA[SERVICE]]>
              </value>
            </param>
            <param index="2">
              <value>
                <![CDATA[add]]>
              </value>
            </param>
            <param index="3">
              <value>
                <![CDATA[/description]]>
              </value>
            </param>
            <param index="4">
              <value>
                <![CDATA[entertainment service]]>
              </value>
            </param>
          </params>
          <reporter-output>
          </reporter-output>
        </test-method> <!-- Product -->
      </class> <!-- com.testcases_testng.Products -->
    </test> <!-- Default test -->
  </suite> <!-- Default suite -->
</testng-results>
